2022-10-11 01:00:25,985 INFO  [Log] Application opened 
2022-10-11 01:00:27,290 INFO  [Log] login completed 
2022-10-11 01:00:28,431 INFO  [Log] entered frame 
2022-10-11 01:00:34,949 INFO  [Log] add emp 
2022-10-11 01:06:57,499 INFO  [Log] Application opened 
2022-10-11 01:06:58,164 INFO  [Log] login completed 
2022-10-11 01:06:58,185 INFO  [Log] entered frame 
2022-10-11 01:06:59,558 INFO  [Log] add emp 
2022-10-11 01:10:41,967 INFO  [Log] Application opened 
2022-10-11 01:10:42,488 INFO  [Log] login completed 
2022-10-11 01:10:42,516 INFO  [Log] entered frame 
2022-10-11 01:10:44,730 INFO  [Log] add emp 
2022-10-11 01:13:15,984 INFO  [Log] Application opened 
2022-10-11 01:13:16,718 INFO  [Log] login completed 
2022-10-11 01:13:16,769 INFO  [Log] entered frame 
2022-10-11 01:13:18,693 INFO  [Log] add emp 
2022-10-11 01:14:02,344 INFO  [Log] Application opened 
2022-10-11 01:14:03,116 INFO  [Log] login completed 
2022-10-11 01:14:03,238 INFO  [Log] entered frame 
2022-10-11 01:14:05,469 INFO  [Log] add emp 
2022-10-11 01:15:36,557 INFO  [Log] Application opened 
2022-10-11 01:15:37,185 INFO  [Log] login completed 
2022-10-11 01:15:37,212 INFO  [Log] entered frame 
2022-10-11 01:15:38,459 INFO  [Log] add emp 
2022-10-11 01:15:38,463 INFO  [Log] Exit frame 
2022-10-11 01:15:38,633 INFO  [Log] Logout completed 
2022-10-11 01:15:40,430 INFO  [Log] Application closed 
2022-10-11 03:20:20,223 INFO  [Log] Application opened 
2022-10-11 03:20:21,445 INFO  [Log] login completed 
2022-10-11 03:20:21,624 INFO  [Log] entered frame 
2022-10-11 03:20:23,824 INFO  [Log] add emp 
2022-10-11 03:20:23,828 INFO  [Log] Exit frame 
2022-10-11 03:20:24,821 INFO  [Log] Logout completed 
2022-10-11 03:20:28,126 INFO  [Log] Application closed 
2022-10-11 03:23:40,257 INFO  [Log] Application opened 
2022-10-11 03:23:40,917 INFO  [Log] login completed 
2022-10-11 03:23:40,949 INFO  [Log] entered frame 
2022-10-11 03:23:43,070 INFO  [Log] add emp 
2022-10-11 03:23:43,077 INFO  [Log] Exit frame 
2022-10-11 03:23:43,305 INFO  [Log] Logout completed 
2022-10-11 03:23:44,969 INFO  [Log] Application closed 
